<component name="libraryTable">
  <library name="junit-4.13.2-javadoc">
    <CLASSES />
    <JAVADOC>
      <root url="jar://$USER_HOME$/Downloads/junit-4.13.2-javadoc.jar!/" />
      <root url="jar://$USER_HOME$/Downloads/hamcrest-core-1.3-javadoc.jar!/" />
    </JAVADOC>
    <SOURCES />
  </library>
</component>